<?xml version="1.0" encoding="UTF-8"?>
<testng-results ignored="0" total="1" passed="1" failed="0" skipped="0">
  <reporter-output>
  </reporter-output>
  <suite started-at="2024-11-07T07:04:13 IST" name="Default suite" finished-at="2024-11-07T07:04:21 IST" duration-ms="8227">
    <groups>
    </groups>
    <test started-at="2024-11-07T07:04:13 IST" name="Default test" finished-at="2024-11-07T07:04:21 IST" duration-ms="8227">
      <class name="seleniumtest_firefox.TestNG3">
        <test-method is-config="true" signature="launchBrowser()[pri:0, instance:seleniumtest_firefox.TestNG3@5b12b668]" started-at="2024-11-07T07:04:13 IST" name="launchBrowser" finished-at="2024-11-07T07:04:20 IST" duration-ms="7110" status="PASS">
          <reporter-output>
          </reporter-output>
        </test-method> <!-- launchBrowser -->
        <test-method signature="verifyHomepageTitle()[pri:0, instance:seleniumtest_firefox.TestNG3@5b12b668]" started-at="2024-11-07T07:04:20 IST" name="verifyHomepageTitle" finished-at="2024-11-07T07:04:20 IST" duration-ms="15" status="PASS">
          <reporter-output>
          </reporter-output>
        </test-method> <!-- verifyHomepageTitle -->
        <test-method is-config="true" signature="terminateBrowser()[pri:0, instance:seleniumtest_firefox.TestNG3@5b12b668]" started-at="2024-11-07T07:04:20 IST" name="terminateBrowser" finished-at="2024-11-07T07:04:21 IST" duration-ms="1038" status="PASS">
          <reporter-output>
          </reporter-output>
        </test-method> <!-- terminateBrowser -->
      </class> <!-- seleniumtest_firefox.TestNG3 -->
    </test> <!-- Default test -->
  </suite> <!-- Default suite -->
</testng-results>
